#
# A fatal error has been detected by the Java Runtime Environment:
#
#  EXCEPTION_ACCESS_VIOLATION (0xc0000005) at pc=0x00007ffa086e1613, pid=27896, tid=22796
#
# JRE version: Java(TM) SE Runtime Environment (15.0.1+9) (build 15.0.1+9-18)
# Java VM: Java HotSpot(TM) 64-Bit Server VM (15.0.1+9-18, mixed mode, sharing, tiered, compressed oops, g1 gc, windows-amd64)
# Problematic frame:
# V  [jvm.dll+0x351613]
#
# No core dump will be written. Minidumps are not enabled by default on client versions of Windows
#
# If you would like to submit a bug report, please visit:
#   https://bugreport.java.com/bugreport/crash.jsp
#

---------------  S U M M A R Y ------------

Command Line: -XX:TieredStopAtLevel=1 -Xverify:none -Dspring.output.ansi.enabled=always -javaagent:C:\Program Files\JetBrains\IntelliJ IDEA 2020.3.2\lib\idea_rt.jar=60051:C:\Program Files\JetBrains\IntelliJ IDEA 2020.3.2\bin -Dcom.sun.management.jmxremote -Dspring.jmx.enabled=true -Dspring.liveBeansView.mbeanDomain -Dspring.application.admin.enabled=true -Dfile.encoding=UTF-8 com.javamentor.springcrudsecuritybootfrom1.SpringCrudSecurityBootFrom1Application

Host: AMD Athlon 300U with Radeon Vega Mobile Gfx    , 4 cores, 5G,  Windows 10 , 64 bit Build 18362 (10.0.18362.1350)
Time: Mon Apr 12 08:30:42 2021 RTZ 2 (ceia) elapsed time: 41722.372245 seconds (0d 11h 35m 22s)

---------------  T H R E A D  ---------------

Current thread (0x000002116c18b090):  JavaThread "HikariPool-1 connection closer" daemon [_thread_in_vm, id=22796, stack(0x000000d900800000,0x000000d900900000)]

Stack: [0x000000d900800000,0x000000d900900000],  sp=0x000000d9008ff340,  free space=1020k
Native frames: (J=compiled Java code, j=interpreted, Vv=VM code, C=native code)
V  [jvm.dll+0x351613]
V  [jvm.dll+0x62adc2]
V  [jvm.dll+0x3520f1]
V  [jvm.dll+0x352387]
V  [jvm.dll+0x3da9b1]
V  [jvm.dll+0x74485d]
V  [jvm.dll+0x73d65a]
